# JRE version: OpenJDK Runtime Environment Microsoft-8035246 (17.0.8+7) (build 17.0.8+7-LTS)
# Java VM: OpenJDK 64-Bit Server VM Microsoft-8035246 (17.0.8+7-LTS, mixed mode, sharing, tiered, compressed oops, compressed class ptrs, g1 gc, windows-amd64)
GC Precious Log:
 CPUs: 4 total, 4 available
 Memory: 3643M
 Large Page Support: Disabled
 NUMA Support: Disabled
 Compressed Oops: Enabled (Zero based)
 Heap Region Size: 4M
 Heap Min Capacity: 8M
 Heap Initial Capacity: 60M
 Heap Max Capacity: 4608M
 Pre-touch: Disabled
 Parallel Workers: 4
 Concurrent Workers: 1
 Concurrent Refinement Workers: 4
 Periodic GC: Disabled
Heap:
 garbage-first heap   total 405504K, used 295239K [0x00000006e0000000, 0x0000000800000000)
  region size 4096K, 8 young (32768K), 1 survivors (4096K)
 Metaspace       used 92764K, committed 94464K, reserved 1179648K
  class space    used 12885K, committed 13632K, reserved 1048576K
GC Heap History (20 events):
Event: 69.641 GC heap before
{Heap before GC invocations=63 (full 0):
 garbage-first heap   total 245760K, used 200803K [0x00000006e0000000, 0x0000000800000000)
  region size 4096K, 9 young (36864K), 2 survivors (8192K)
 Metaspace       used 82124K, committed 83648K, reserved 1179648K
  class space    used 11382K, committed 12032K, reserved 1048576K
}
Event: 69.663 GC heap after
{Heap after GC invocations=64 (full 0):
 garbage-first heap   total 335872K, used 175237K [0x00000006e0000000, 0x0000000800000000)
  region size 4096K, 1 young (4096K), 1 survivors (4096K)
 Metaspace       used 82124K, committed 83648K, reserved 1179648K
  class space    used 11382K, committed 12032K, reserved 1048576K
}
Event: 75.414 GC heap before
{Heap before GC invocations=64 (full 0):
 garbage-first heap   total 335872K, used 265349K [0x00000006e0000000, 0x0000000800000000)
  region size 4096K, 23 young (94208K), 1 survivors (4096K)
 Metaspace       used 84192K, committed 85824K, reserved 1179648K
  class space    used 11695K, committed 12416K, reserved 1048576K
}
Event: 75.487 GC heap after
{Heap after GC invocations=65 (full 0):
 garbage-first heap   total 335872K, used 188388K [0x00000006e0000000, 0x0000000800000000)
  region size 4096K, 3 young (12288K), 3 survivors (12288K)
 Metaspace       used 84192K, committed 85824K, reserved 1179648K
  class space    used 11695K, committed 12416K, reserved 1048576K
}
Event: 78.954 GC heap before
{Heap before GC invocations=65 (full 0):
 garbage-first heap   total 335872K, used 262116K [0x00000006e0000000, 0x0000000800000000)
  region size 4096K, 21 young (86016K), 3 survivors (12288K)
 Metaspace       used 88175K, committed 89792K, reserved 1179648K
  class space    used 12282K, committed 12992K, reserved 1048576K
}
Event: 79.024 GC heap after
{Heap after GC invocations=66 (full 0):
 garbage-first heap   total 335872K, used 194210K [0x00000006e0000000, 0x0000000800000000)
  region size 4096K, 2 young (8192K), 2 survivors (8192K)
 Metaspace       used 88175K, committed 89792K, reserved 1179648K
  class space    used 12282K, committed 12992K, reserved 1048576K
}
Event: 80.572 GC heap before
{Heap before GC invocations=66 (full 0):
 garbage-first heap   total 335872K, used 263842K [0x00000006e0000000, 0x0000000800000000)
  region size 4096K, 19 young (77824K), 2 survivors (8192K)
 Metaspace       used 91073K, committed 92672K, reserved 1179648K
  class space    used 12709K, committed 13376K, reserved 1048576K
}
Event: 80.589 GC heap after
{Heap after GC invocations=67 (full 0):
 garbage-first heap   total 335872K, used 198564K [0x00000006e0000000, 0x0000000800000000)
  region size 4096K, 3 young (12288K), 3 survivors (12288K)
 Metaspace       used 91073K, committed 92672K, reserved 1179648K
  class space    used 12709K, committed 13376K, reserved 1048576K
}
Event: 81.678 GC heap before
{Heap before GC invocations=67 (full 0):
 garbage-first heap   total 335872K, used 268196K [0x00000006e0000000, 0x0000000800000000)
  region size 4096K, 20 young (81920K), 3 survivors (12288K)
 Metaspace       used 91564K, committed 93248K, reserved 1179648K
  class space    used 12764K, committed 13504K, reserved 1048576K
}
Event: 81.729 GC heap after
{Heap after GC invocations=68 (full 0):
 garbage-first heap   total 335872K, used 210795K [0x00000006e0000000, 0x0000000800000000)
  region size 4096K, 3 young (12288K), 3 survivors (12288K)
 Metaspace       used 91564K, committed 93248K, reserved 1179648K
  class space    used 12764K, committed 13504K, reserved 1048576K
}
Event: 82.637 GC heap before
{Heap before GC invocations=68 (full 0):
 garbage-first heap   total 335872K, used 272235K [0x00000006e0000000, 0x0000000800000000)
  region size 4096K, 18 young (73728K), 3 survivors (12288K)
 Metaspace       used 91976K, committed 93696K, reserved 1179648K
  class space    used 12807K, committed 13568K, reserved 1048576K
}
Event: 82.692 GC heap after
{Heap after GC invocations=69 (full 0):
 garbage-first heap   total 405504K, used 228797K [0x00000006e0000000, 0x0000000800000000)
  region size 4096K, 3 young (12288K), 3 survivors (12288K)
 Metaspace       used 91976K, committed 93696K, reserved 1179648K
  class space    used 12807K, committed 13568K, reserved 1048576K
}
Event: 84.620 GC heap before
{Heap before GC invocations=69 (full 0):
 garbage-first heap   total 405504K, used 323005K [0x00000006e0000000, 0x0000000800000000)
  region size 4096K, 26 young (106496K), 3 survivors (12288K)
 Metaspace       used 92356K, committed 94016K, reserved 1179648K
  class space    used 12835K, committed 13568K, reserved 1048576K
}
Event: 84.687 GC heap after
{Heap after GC invocations=70 (full 0):
 garbage-first heap   total 405504K, used 252749K [0x00000006e0000000, 0x0000000800000000)
  region size 4096K, 4 young (16384K), 4 survivors (16384K)
 Metaspace       used 92356K, committed 94016K, reserved 1179648K
  class space    used 12835K, committed 13568K, reserved 1048576K
}
Event: 87.790 GC heap before
{Heap before GC invocations=70 (full 0):
 garbage-first heap   total 405504K, used 322381K [0x00000006e0000000, 0x0000000800000000)
  region size 4096K, 21 young (86016K), 4 survivors (16384K)
 Metaspace       used 92726K, committed 94400K, reserved 1179648K
  class space    used 12884K, committed 13632K, reserved 1048576K
}
Event: 87.857 GC heap after
{Heap after GC invocations=71 (full 0):
 garbage-first heap   total 405504K, used 267993K [0x00000006e0000000, 0x0000000800000000)
  region size 4096K, 3 young (12288K), 3 survivors (12288K)
 Metaspace       used 92726K, committed 94400K, reserved 1179648K
  class space    used 12884K, committed 13632K, reserved 1048576K
}
Event: 92.618 GC heap before
{Heap before GC invocations=71 (full 0):
 garbage-first heap   total 405504K, used 325337K [0x00000006e0000000, 0x0000000800000000)
  region size 4096K, 17 young (69632K), 3 survivors (12288K)
 Metaspace       used 92734K, committed 94400K, reserved 1179648K
  class space    used 12884K, committed 13632K, reserved 1048576K
}
Event: 92.649 GC heap after
{Heap after GC invocations=72 (full 0):
 garbage-first heap   total 405504K, used 272934K [0x00000006e0000000, 0x0000000800000000)
  region size 4096K, 1 young (4096K), 1 survivors (4096K)
 Metaspace       used 92734K, committed 94400K, reserved 1179648K
  class space    used 12884K, committed 13632K, reserved 1048576K
}
Event: 98.824 GC heap before
{Heap before GC invocations=72 (full 0):
 garbage-first heap   total 405504K, used 334374K [0x00000006e0000000, 0x0000000800000000)
  region size 4096K, 16 young (65536K), 1 survivors (4096K)
 Metaspace       used 92744K, committed 94400K, reserved 1179648K
  class space    used 12885K, committed 13632K, reserved 1048576K
}
Event: 98.830 GC heap after
{Heap after GC invocations=73 (full 0):
 garbage-first heap   total 405504K, used 270663K [0x00000006e0000000, 0x0000000800000000)
  region size 4096K, 1 young (4096K), 1 survivors (4096K)
 Metaspace       used 92744K, committed 94400K, reserved 1179648K
  class space    used 12885K, committed 13632K, reserved 1048576K
}

