# JRE version: OpenJDK Runtime Environment Microsoft-8035246 (17.0.8+7) (build 17.0.8+7-LTS)
# Java VM: OpenJDK 64-Bit Server VM Microsoft-8035246 (17.0.8+7-LTS, mixed mode, sharing, tiered, compressed oops, compressed class ptrs, g1 gc, windows-amd64)
GC Precious Log:
 CPUs: 4 total, 4 available
 Memory: 3643M
 Large Page Support: Disabled
 NUMA Support: Disabled
 Compressed Oops: Enabled (Zero based)
 Heap Region Size: 4M
 Heap Min Capacity: 8M
 Heap Initial Capacity: 60M
 Heap Max Capacity: 4608M
 Pre-touch: Disabled
 Parallel Workers: 4
 Concurrent Workers: 1
 Concurrent Refinement Workers: 4
 Periodic GC: Disabled
Heap:
 garbage-first heap   total 622592K, used 244864K [0x00000006e0000000, 0x0000000800000000)
  region size 4096K, 2 young (8192K), 2 survivors (8192K)
 Metaspace       used 93272K, committed 95168K, reserved 1179648K
  class space    used 12929K, committed 13760K, reserved 1048576K
GC Heap History (20 events):
Event: 64.358 GC heap after
{Heap after GC invocations=73 (full 0):
 garbage-first heap   total 462848K, used 191345K [0x00000006e0000000, 0x0000000800000000)
  region size 4096K, 6 young (24576K), 6 survivors (24576K)
 Metaspace       used 83887K, committed 85440K, reserved 1179648K
  class space    used 11644K, committed 12288K, reserved 1048576K
}
Event: 69.127 GC heap before
{Heap before GC invocations=73 (full 0):
 garbage-first heap   total 462848K, used 330609K [0x00000006e0000000, 0x0000000800000000)
  region size 4096K, 41 young (167936K), 6 survivors (24576K)
 Metaspace       used 84324K, committed 85952K, reserved 1179648K
  class space    used 11694K, committed 12416K, reserved 1048576K
}
Event: 69.320 GC heap after
{Heap after GC invocations=74 (full 0):
 garbage-first heap   total 462848K, used 212172K [0x00000006e0000000, 0x0000000800000000)
  region size 4096K, 5 young (20480K), 5 survivors (20480K)
 Metaspace       used 84324K, committed 85952K, reserved 1179648K
  class space    used 11694K, committed 12416K, reserved 1048576K
}
Event: 74.434 GC heap before
{Heap before GC invocations=74 (full 0):
 garbage-first heap   total 462848K, used 347340K [0x00000006e0000000, 0x0000000800000000)
  region size 4096K, 38 young (155648K), 5 survivors (20480K)
 Metaspace       used 84603K, committed 86272K, reserved 1179648K
  class space    used 11698K, committed 12416K, reserved 1048576K
}
Event: 74.645 GC heap after
{Heap after GC invocations=75 (full 0):
 garbage-first heap   total 462848K, used 229378K [0x00000006e0000000, 0x0000000800000000)
  region size 4096K, 5 young (20480K), 5 survivors (20480K)
 Metaspace       used 84603K, committed 86272K, reserved 1179648K
  class space    used 11698K, committed 12416K, reserved 1048576K
}
Event: 80.515 GC heap before
{Heap before GC invocations=75 (full 0):
 garbage-first heap   total 462848K, used 356354K [0x00000006e0000000, 0x0000000800000000)
  region size 4096K, 36 young (147456K), 5 survivors (20480K)
 Metaspace       used 84764K, committed 86464K, reserved 1179648K
  class space    used 11700K, committed 12416K, reserved 1048576K
}
Event: 80.793 GC heap after
{Heap after GC invocations=76 (full 0):
 garbage-first heap   total 462848K, used 242664K [0x00000006e0000000, 0x0000000800000000)
  region size 4096K, 4 young (16384K), 4 survivors (16384K)
 Metaspace       used 84764K, committed 86464K, reserved 1179648K
  class space    used 11700K, committed 12416K, reserved 1048576K
}
Event: 84.723 GC heap before
{Heap before GC invocations=76 (full 0):
 garbage-first heap   total 462848K, used 361448K [0x00000006e0000000, 0x0000000800000000)
  region size 4096K, 33 young (135168K), 4 survivors (16384K)
 Metaspace       used 86308K, committed 88000K, reserved 1179648K
  class space    used 11948K, committed 12672K, reserved 1048576K
}
Event: 84.772 GC heap after
{Heap after GC invocations=77 (full 0):
 garbage-first heap   total 462848K, used 259436K [0x00000006e0000000, 0x0000000800000000)
  region size 4096K, 5 young (20480K), 5 survivors (20480K)
 Metaspace       used 86308K, committed 88000K, reserved 1179648K
  class space    used 11948K, committed 12672K, reserved 1048576K
}
Event: 87.871 GC heap before
{Heap before GC invocations=78 (full 0):
 garbage-first heap   total 462848K, used 365932K [0x00000006e0000000, 0x0000000800000000)
  region size 4096K, 31 young (126976K), 5 survivors (20480K)
 Metaspace       used 91452K, committed 93184K, reserved 1179648K
  class space    used 12691K, committed 13440K, reserved 1048576K
}
Event: 88.022 GC heap after
{Heap after GC invocations=79 (full 0):
 garbage-first heap   total 462848K, used 265989K [0x00000006e0000000, 0x0000000800000000)
  region size 4096K, 2 young (8192K), 2 survivors (8192K)
 Metaspace       used 91452K, committed 93184K, reserved 1179648K
  class space    used 12691K, committed 13440K, reserved 1048576K
}
Event: 88.738 GC heap before
{Heap before GC invocations=79 (full 0):
 garbage-first heap   total 462848K, used 278277K [0x00000006e0000000, 0x0000000800000000)
  region size 4096K, 5 young (20480K), 2 survivors (8192K)
 Metaspace       used 91969K, committed 93696K, reserved 1179648K
  class space    used 12768K, committed 13504K, reserved 1048576K
}
Event: 88.908 GC heap after
{Heap after GC invocations=80 (full 0):
 garbage-first heap   total 622592K, used 226335K [0x00000006e0000000, 0x0000000800000000)
  region size 4096K, 1 young (4096K), 1 survivors (4096K)
 Metaspace       used 91969K, committed 93696K, reserved 1179648K
  class space    used 12768K, committed 13504K, reserved 1048576K
}
Event: 90.095 GC heap before
{Heap before GC invocations=80 (full 0):
 garbage-first heap   total 622592K, used 250911K [0x00000006e0000000, 0x0000000800000000)
  region size 4096K, 7 young (28672K), 1 survivors (4096K)
 Metaspace       used 92577K, committed 94336K, reserved 1179648K
  class space    used 12855K, committed 13632K, reserved 1048576K
}
Event: 90.500 GC heap after
{Heap after GC invocations=81 (full 0):
 garbage-first heap   total 622592K, used 214922K [0x00000006e0000000, 0x0000000800000000)
  region size 4096K, 1 young (4096K), 1 survivors (4096K)
 Metaspace       used 92577K, committed 94336K, reserved 1179648K
  class space    used 12855K, committed 13632K, reserved 1048576K
}
Event: 91.952 GC heap before
{Heap before GC invocations=81 (full 0):
 garbage-first heap   total 622592K, used 288650K [0x00000006e0000000, 0x0000000800000000)
  region size 4096K, 19 young (77824K), 1 survivors (4096K)
 Metaspace       used 92918K, committed 94784K, reserved 1179648K
  class space    used 12888K, committed 13696K, reserved 1048576K
}
Event: 92.047 GC heap after
{Heap after GC invocations=82 (full 0):
 garbage-first heap   total 622592K, used 228681K [0x00000006e0000000, 0x0000000800000000)
  region size 4096K, 3 young (12288K), 3 survivors (12288K)
 Metaspace       used 92918K, committed 94784K, reserved 1179648K
  class space    used 12888K, committed 13696K, reserved 1048576K
}
Event: 93.059 GC heap before
{Heap before GC invocations=82 (full 0):
 garbage-first heap   total 622592K, used 257353K [0x00000006e0000000, 0x0000000800000000)
  region size 4096K, 10 young (40960K), 3 survivors (12288K)
 Metaspace       used 93026K, committed 94848K, reserved 1179648K
  class space    used 12899K, committed 13696K, reserved 1048576K
}
Event: 93.182 GC heap after
{Heap after GC invocations=83 (full 0):
 garbage-first heap   total 622592K, used 235992K [0x00000006e0000000, 0x0000000800000000)
  region size 4096K, 2 young (8192K), 2 survivors (8192K)
 Metaspace       used 93026K, committed 94848K, reserved 1179648K
  class space    used 12899K, committed 13696K, reserved 1048576K
}
Event: 95.565 GC heap before
{Heap before GC invocations=83 (full 0):
 garbage-first heap   total 622592K, used 293336K [0x00000006e0000000, 0x0000000800000000)
  region size 4096K, 16 young (65536K), 2 survivors (8192K)
 Metaspace       used 93272K, committed 95168K, reserved 1179648K
  class space    used 12929K, committed 13760K, reserved 1048576K
}

